[12:26:38] starting local CI/CD pipeline for payments-api
[12:26:38] preflight checks
[12:26:38] + docker info
Client:
 Version:    27.3.1
 Context:    desktop-linux
 Debug Mode: false
 Plugins:
  ai: Ask Gordon - Docker Agent (Docker Inc.)
    Version:  v0.1.0
    Path:     /Users/gauravgs7/.docker/cli-plugins/docker-ai
  buildx: Docker Buildx (Docker Inc.)
    Version:  v0.18.0-desktop.2
    Path:     /Users/gauravgs7/.docker/cli-plugins/docker-buildx
  compose: Docker Compose (Docker Inc.)
    Version:  v2.30.3-desktop.1
    Path:     /Users/gauravgs7/.docker/cli-plugins/docker-compose
  debug: Get a shell into any image or container (Docker Inc.)
    Version:  0.0.37
    Path:     /Users/gauravgs7/.docker/cli-plugins/docker-debug
  desktop: Docker Desktop commands (Alpha) (Docker Inc.)
    Version:  v0.0.15
    Path:     /Users/gauravgs7/.docker/cli-plugins/docker-desktop
  dev: Docker Dev Environments (Docker Inc.)
    Version:  v0.1.2
    Path:     /Users/gauravgs7/.docker/cli-plugins/docker-dev
  extension: Manages Docker extensions (Docker Inc.)
    Version:  v0.2.27
    Path:     /Users/gauravgs7/.docker/cli-plugins/docker-extension
  feedback: Provide feedback, right in your terminal! (Docker Inc.)
    Version:  v1.0.5
    Path:     /Users/gauravgs7/.docker/cli-plugins/docker-feedback
  init: Creates Docker-related starter files for your project (Docker Inc.)
    Version:  v1.4.0
    Path:     /Users/gauravgs7/.docker/cli-plugins/docker-init
  sbom: View the packaged-based Software Bill Of Materials (SBOM) for an image (Anchore Inc.)
    Version:  0.6.0
    Path:     /Users/gauravgs7/.docker/cli-plugins/docker-sbom
  scout: Docker Scout (Docker Inc.)
    Version:  v1.15.0
    Path:     /Users/gauravgs7/.docker/cli-plugins/docker-scout

Server:
 Containers: 8
  Running: 1
  Paused: 0
  Stopped: 7
 Images: 29
 Server Version: 27.3.1
 Storage Driver: overlayfs
  driver-type: io.containerd.snapshotter.v1
 Logging Driver: json-file
 Cgroup Driver: cgroupfs
 Cgroup Version: 2
 Plugins:
  Volume: local
  Network: bridge host ipvlan macvlan null overlay
  Log: awslogs fluentd gcplogs gelf journald json-file local splunk syslog
 Swarm: inactive
 Runtimes: runc io.containerd.runc.v2
 Default Runtime: runc
 Init Binary: docker-init
 containerd version: 472731909fa34bd7bc9c087e4c27943f9835f111
 runc version: v1.1.13-0-g58aa920
 init version: de40ad0
 Security Options:
  seccomp
   Profile: unconfined
  cgroupns
 Kernel Version: 6.10.14-linuxkit
 Operating System: Docker Desktop
 OSType: linux
 Architecture: aarch64
 CPUs: 8
 Total Memory: 3.827GiB
 Name: docker-desktop
 ID: cac94e10-c67e-431b-8934-c43300988562
 Docker Root Dir: /var/lib/docker
 Debug Mode: false
 HTTP Proxy: http.docker.internal:3128
 HTTPS Proxy: http.docker.internal:3128
 No Proxy: hubproxy.docker.internal
 Labels:
  com.docker.desktop.address=unix:///Users/gauravgs7/Library/Containers/com.docker.docker/Data/docker-cli.sock
 Experimental: false
 Insecure Registries:
  hubproxy.docker.internal:5555
  127.0.0.0/8
 Live Restore Enabled: false

WARNING: daemon is not using the default seccomp profile
[12:26:39] trivy not found; image scan will be recorded as skipped
[12:26:39] starting Aegis API at 127.0.0.1:8080
2026/05/16 17:56:39 aegis api listening on 127.0.0.1:8080
{"time":"2026-05-16T17:56:40.507138+05:30","level":"INFO","msg":"request","method":"GET","path":"/readyz","status":200,"duration_ms":2,"remote_addr":"127.0.0.1:63512"}
[12:26:40] onboarding payments-api through Aegis
[12:26:40] + env GOCACHE=/Users/gauravgs7/Documents/Projects/Aegis/.gocache GOMODCACHE=/Users/gauravgs7/Documents/Projects/Aegis/.gomodcache AEGIS_API_TOKEN=local-dev-token AEGIS_API_URL=http://127.0.0.1:8080 go run ./cli/cmd/aegis onboard --name payments-api --language go --team platform --owner gaurav --namespace platform --env staging --slo 99.9 --strategy canary
{"time":"2026-05-16T17:56:40.862366+05:30","level":"INFO","msg":"request","method":"POST","path":"/api/v1/services","status":201,"duration_ms":9,"remote_addr":"127.0.0.1:63513"}
{
  "generated": {
    "files": [
      "generated/services/payments-api/Dockerfile",
      "generated/services/payments-api/Makefile",
      "generated/services/payments-api/README.md",
      "generated/services/payments-api/cmd/server/main.go",
      "generated/services/payments-api/go.mod",
      "generated/services/payments-api/.github/workflows/ci.yml",
      "generated/services/payments-api/k8s/base/deployment.yaml",
      "generated/services/payments-api/k8s/base/hpa.yaml",
      "generated/services/payments-api/k8s/base/kustomization.yaml",
      "generated/services/payments-api/k8s/base/namespace.yaml",
      "generated/services/payments-api/k8s/base/service.yaml",
      "generated/services/payments-api/k8s/base/serviceaccount.yaml",
      "generated/services/payments-api/k8s/overlays/dev/kustomization.yaml",
      "generated/services/payments-api/k8s/overlays/staging/kustomization.yaml",
      "generated/services/payments-api/k8s/overlays/prod/kustomization.yaml",
      "generated/services/payments-api/observability/dashboard.json",
      "generated/services/payments-api/observability/alerts.yaml",
      "generated/services/payments-api/runbooks/incident-runbook.md",
      "generated/services/payments-api/infra/terraform/main.tf",
      "generated/services/payments-api/infra/argocd/application.yaml"
    ],
    "outputPath": "generated/services/payments-api",
    "serviceName": "payments-api"
  },
  "service": {
    "createdAt": "2026-05-16T12:26:40.855313Z",
    "deploymentStrategy": "canary",
    "environment": "staging",
    "id": "ebcde9b6-3add-4b60-8ed0-93b3d314d38f",
    "language": "go",
    "name": "payments-api",
    "namespace": "platform",
    "owner": "gaurav",
    "sloTarget": 99.9,
    "team": "platform",
    "updatedAt": "2026-05-16T12:26:40.855313Z"
  }
}
[12:26:40] running local CI checks for generated/services/payments-api
[12:26:40] + scripts/validate-service-scaffold.sh generated/services/payments-api
service scaffold validation passed for generated/services/payments-api
[12:26:40] + (cd generated/services/payments-api && env GOCACHE=/Users/gauravgs7/Documents/Projects/Aegis/.gocache GOMODCACHE=/Users/gauravgs7/Documents/Projects/Aegis/.gomodcache go test ./...)
?   	payments-api/cmd/server	[no test files]
[12:26:41] + kubectl kustomize generated/services/payments-api/k8s/overlays/staging
apiVersion: v1
kind: Namespace
metadata:
  labels:
    aegis.dev/environment: staging
    aegis.dev/team: platform
  name: platform
---
apiVersion: v1
automountServiceAccountToken: false
kind: ServiceAccount
metadata:
  labels:
    aegis.dev/environment: staging
  name: payments-api
  namespace: platform
---
apiVersion: v1
kind: Service
metadata:
  labels:
    aegis.dev/environment: staging
  name: payments-api
  namespace: platform
spec:
  ports:
  - name: http
    port: 80
    targetPort: http
  selector:
    app.kubernetes.io/name: payments-api
    aegis.dev/environment: staging
---
apiVersion: apps/v1
kind: Deployment
metadata:
  labels:
    app.kubernetes.io/managed-by: aegis
    app.kubernetes.io/name: payments-api
    aegis.dev/environment: staging
  name: payments-api
  namespace: platform
spec:
  replicas: 2
  selector:
    matchLabels:
      app.kubernetes.io/name: payments-api
      aegis.dev/environment: staging
  template:
    metadata:
      annotations:
        prometheus.io/path: /metrics
        prometheus.io/port: "8080"
        prometheus.io/scrape: "true"
      labels:
        app.kubernetes.io/name: payments-api
        aegis.dev/environment: staging
    spec:
      containers:
      - image: ghcr.io/example/payments-api:latest
        imagePullPolicy: IfNotPresent
        livenessProbe:
          httpGet:
            path: /readyz
            port: http
          initialDelaySeconds: 10
          periodSeconds: 20
        name: app
        ports:
        - containerPort: 8080
          name: http
        readinessProbe:
          httpGet:
            path: /readyz
            port: http
          initialDelaySeconds: 3
          periodSeconds: 10
        resources:
          limits:
            cpu: 500m
            memory: 256Mi
          requests:
            cpu: 50m
            memory: 64Mi
        securityContext:
          allowPrivilegeEscalation: false
          capabilities:
            drop:
            - ALL
          readOnlyRootFilesystem: true
          runAsNonRoot: true
      securityContext:
        runAsNonRoot: true
        seccompProfile:
          type: RuntimeDefault
      serviceAccountName: payments-api
---
apiVersion: autoscaling/v2
kind: HorizontalPodAutoscaler
metadata:
  labels:
    aegis.dev/environment: staging
  name: payments-api
  namespace: platform
spec:
  maxReplicas: 5
  metrics:
  - resource:
      name: cpu
      target:
        averageUtilization: 70
        type: Utilization
    type: Resource
  minReplicas: 2
  scaleTargetRef:
    apiVersion: apps/v1
    kind: Deployment
    name: payments-api
[12:26:41] building container image ghcr.io/example/payments-api:latest
[12:26:41] + docker build -t ghcr.io/example/payments-api:latest generated/services/payments-api
#0 building with "desktop-linux" instance using docker driver

#1 [internal] load build definition from Dockerfile
#1 transferring dockerfile: 369B 0.0s done
#1 DONE 0.0s

#2 [internal] load metadata for gcr.io/distroless/static-debian12:nonroot
#2 DONE 0.5s

#3 [internal] load metadata for docker.io/library/golang:1.23-alpine
#3 DONE 1.2s

#4 [internal] load .dockerignore
#4 transferring context: 2B done
#4 DONE 0.0s

#5 [stage-1 1/2] FROM gcr.io/distroless/static-debian12:nonroot@sha256:a9329520abc449e3b14d5bc3a6ffae065bdde0f02667fa10880c49b35c109fd1
#5 resolve gcr.io/distroless/static-debian12:nonroot@sha256:a9329520abc449e3b14d5bc3a6ffae065bdde0f02667fa10880c49b35c109fd1 0.0s done
#5 DONE 0.0s

#6 [build 1/6] FROM docker.io/library/golang:1.23-alpine@sha256:383395b794dffa5b53012a212365d40c8e37109a626ca30d6151c8348d380b5f
#6 resolve docker.io/library/golang:1.23-alpine@sha256:383395b794dffa5b53012a212365d40c8e37109a626ca30d6151c8348d380b5f 0.0s done
#6 DONE 0.0s

#7 [internal] load build context
#7 transferring context: 13.98kB 0.0s done
#7 DONE 0.0s

#8 [build 4/6] RUN go mod download
#8 CACHED

#9 [build 5/6] COPY . .
#9 CACHED

#10 [build 3/6] COPY go.mod ./
#10 CACHED

#11 [build 6/6] RUN CGO_ENABLED=0 go build -o /out/service ./cmd/server
#11 CACHED

#12 [build 2/6] WORKDIR /src
#12 CACHED

#13 [stage-1 2/2] COPY --from=build /out/service /service
#13 CACHED

#14 exporting to image
#14 exporting layers done
#14 exporting manifest sha256:39dfbb37a7d8e8bc2596c9f8c8716608283999568501527d410d41dcb13879b0 done
#14 exporting config sha256:5d8f180c252bdda42f115e1c5c59b6274e8abf8a018c90e5f07a78590d12e48b done
#14 exporting attestation manifest sha256:03de1392ce4025e8be5213b937e2b2d96b107a7b7822e0b1b6b8b2a0bbb04af3 0.0s done
#14 exporting manifest list sha256:6f3fbf64daf00429622fb8c1b644b5a1752a2a8364d2765078e3944fb95f5c47
#14 exporting manifest list sha256:6f3fbf64daf00429622fb8c1b644b5a1752a2a8364d2765078e3944fb95f5c47 done
#14 naming to ghcr.io/example/payments-api:latest done
#14 unpacking to ghcr.io/example/payments-api:latest 0.0s done
#14 DONE 0.1s
[12:26:44] kind cluster aegis-local already exists
[12:26:44] loading image into kind
[12:26:44] + kind load docker-image ghcr.io/example/payments-api:latest --name aegis-local
Image: "ghcr.io/example/payments-api:latest" with ID "sha256:6f3fbf64daf00429622fb8c1b644b5a1752a2a8364d2765078e3944fb95f5c47" not yet present on node "aegis-local-control-plane", loading...
[12:26:44] deploying rendered manifests
[12:26:44] + kubectl config use-context kind-aegis-local
Switched to context "kind-aegis-local".
[12:26:45] + kubectl create namespace platform --dry-run=client -o yaml
apiVersion: v1
kind: Namespace
metadata:
  name: platform
spec: {}
status: {}
namespace/platform created
[12:26:45] + kubectl apply --dry-run=server -f artifacts/local-ci-cd/20260516T122638Z/rendered.yaml
namespace/platform configured (server dry run)
serviceaccount/payments-api created (server dry run)
service/payments-api created (server dry run)
deployment.apps/payments-api created (server dry run)
horizontalpodautoscaler.autoscaling/payments-api created (server dry run)
[12:26:45] + kubectl apply -f artifacts/local-ci-cd/20260516T122638Z/rendered.yaml
namespace/platform configured
serviceaccount/payments-api created
service/payments-api created
deployment.apps/payments-api created
horizontalpodautoscaler.autoscaling/payments-api created
[12:26:45] + kubectl -n platform rollout status deployment/payments-api --timeout=180s
Waiting for deployment "payments-api" rollout to finish: 0 of 2 updated replicas are available...
error: timed out waiting for the condition
[12:29:46] pipeline failed near line 41
