[12:30:06] starting local CI/CD pipeline for payments-api
[12:30:06] preflight checks
[12:30:06] + docker info
Client:
 Version:    27.3.1
 Context:    desktop-linux
 Debug Mode: false
 Plugins:
  ai: Ask Gordon - Docker Agent (Docker Inc.)
    Version:  v0.1.0
    Path:     /Users/gauravgs7/.docker/cli-plugins/docker-ai
  buildx: Docker Buildx (Docker Inc.)
    Version:  v0.18.0-desktop.2
    Path:     /Users/gauravgs7/.docker/cli-plugins/docker-buildx
  compose: Docker Compose (Docker Inc.)
    Version:  v2.30.3-desktop.1
    Path:     /Users/gauravgs7/.docker/cli-plugins/docker-compose
  debug: Get a shell into any image or container (Docker Inc.)
    Version:  0.0.37
    Path:     /Users/gauravgs7/.docker/cli-plugins/docker-debug
  desktop: Docker Desktop commands (Alpha) (Docker Inc.)
    Version:  v0.0.15
    Path:     /Users/gauravgs7/.docker/cli-plugins/docker-desktop
  dev: Docker Dev Environments (Docker Inc.)
    Version:  v0.1.2
    Path:     /Users/gauravgs7/.docker/cli-plugins/docker-dev
  extension: Manages Docker extensions (Docker Inc.)
    Version:  v0.2.27
    Path:     /Users/gauravgs7/.docker/cli-plugins/docker-extension
  feedback: Provide feedback, right in your terminal! (Docker Inc.)
    Version:  v1.0.5
    Path:     /Users/gauravgs7/.docker/cli-plugins/docker-feedback
  init: Creates Docker-related starter files for your project (Docker Inc.)
    Version:  v1.4.0
    Path:     /Users/gauravgs7/.docker/cli-plugins/docker-init
  sbom: View the packaged-based Software Bill Of Materials (SBOM) for an image (Anchore Inc.)
    Version:  0.6.0
    Path:     /Users/gauravgs7/.docker/cli-plugins/docker-sbom
  scout: Docker Scout (Docker Inc.)
    Version:  v1.15.0
    Path:     /Users/gauravgs7/.docker/cli-plugins/docker-scout

Server:
 Containers: 8
  Running: 1
  Paused: 0
  Stopped: 7
 Images: 29
 Server Version: 27.3.1
 Storage Driver: overlayfs
  driver-type: io.containerd.snapshotter.v1
 Logging Driver: json-file
 Cgroup Driver: cgroupfs
 Cgroup Version: 2
 Plugins:
  Volume: local
  Network: bridge host ipvlan macvlan null overlay
  Log: awslogs fluentd gcplogs gelf journald json-file local splunk syslog
 Swarm: inactive
 Runtimes: io.containerd.runc.v2 runc
 Default Runtime: runc
 Init Binary: docker-init
 containerd version: 472731909fa34bd7bc9c087e4c27943f9835f111
 runc version: v1.1.13-0-g58aa920
 init version: de40ad0
 Security Options:
  seccomp
   Profile: unconfined
  cgroupns
 Kernel Version: 6.10.14-linuxkit
 Operating System: Docker Desktop
 OSType: linux
 Architecture: aarch64
 CPUs: 8
 Total Memory: 3.827GiB
 Name: docker-desktop
 ID: cac94e10-c67e-431b-8934-c43300988562
 Docker Root Dir: /var/lib/docker
 Debug Mode: false
 HTTP Proxy: http.docker.internal:3128
 HTTPS Proxy: http.docker.internal:3128
 No Proxy: hubproxy.docker.internal
 Labels:
  com.docker.desktop.address=unix:///Users/gauravgs7/Library/Containers/com.docker.docker/Data/docker-cli.sock
 Experimental: false
 Insecure Registries:
  hubproxy.docker.internal:5555
  127.0.0.0/8
 Live Restore Enabled: false

WARNING: daemon is not using the default seccomp profile
[12:30:06] trivy not found; image scan will be recorded as skipped
[12:30:06] starting Aegis API at 127.0.0.1:8080
2026/05/16 18:00:06 aegis api listening on 127.0.0.1:8080
{"time":"2026-05-16T18:00:07.639037+05:30","level":"INFO","msg":"request","method":"GET","path":"/readyz","status":200,"duration_ms":1,"remote_addr":"127.0.0.1:63546"}
[12:30:07] onboarding payments-api through Aegis
[12:30:07] + env GOCACHE=/Users/gauravgs7/Documents/Projects/Aegis/.gocache GOMODCACHE=/Users/gauravgs7/Documents/Projects/Aegis/.gomodcache AEGIS_API_TOKEN=local-dev-token AEGIS_API_URL=http://127.0.0.1:8080 go run ./cli/cmd/aegis onboard --name payments-api --language go --team platform --owner gaurav --namespace platform --env staging --slo 99.9 --strategy canary
{"time":"2026-05-16T18:00:07.752386+05:30","level":"INFO","msg":"request","method":"POST","path":"/api/v1/services","status":201,"duration_ms":7,"remote_addr":"127.0.0.1:63547"}
{
  "generated": {
    "files": [
      "generated/services/payments-api/Dockerfile",
      "generated/services/payments-api/Makefile",
      "generated/services/payments-api/README.md",
      "generated/services/payments-api/cmd/server/main.go",
      "generated/services/payments-api/go.mod",
      "generated/services/payments-api/.github/workflows/ci.yml",
      "generated/services/payments-api/k8s/base/deployment.yaml",
      "generated/services/payments-api/k8s/base/hpa.yaml",
      "generated/services/payments-api/k8s/base/kustomization.yaml",
      "generated/services/payments-api/k8s/base/namespace.yaml",
      "generated/services/payments-api/k8s/base/service.yaml",
      "generated/services/payments-api/k8s/base/serviceaccount.yaml",
      "generated/services/payments-api/k8s/overlays/dev/kustomization.yaml",
      "generated/services/payments-api/k8s/overlays/staging/kustomization.yaml",
      "generated/services/payments-api/k8s/overlays/prod/kustomization.yaml",
      "generated/services/payments-api/observability/dashboard.json",
      "generated/services/payments-api/observability/alerts.yaml",
      "generated/services/payments-api/runbooks/incident-runbook.md",
      "generated/services/payments-api/infra/terraform/main.tf",
      "generated/services/payments-api/infra/argocd/application.yaml"
    ],
    "outputPath": "generated/services/payments-api",
    "serviceName": "payments-api"
  },
  "service": {
    "createdAt": "2026-05-16T12:30:07.745874Z",
    "deploymentStrategy": "canary",
    "environment": "staging",
    "id": "19f9b969-40e6-4c63-b69a-9ac4d811568c",
    "language": "go",
    "name": "payments-api",
    "namespace": "platform",
    "owner": "gaurav",
    "sloTarget": 99.9,
    "team": "platform",
    "updatedAt": "2026-05-16T12:30:07.745874Z"
  }
}
[12:30:07] running local CI checks for generated/services/payments-api
[12:30:07] + scripts/validate-service-scaffold.sh generated/services/payments-api
service scaffold validation passed for generated/services/payments-api
[12:30:07] + (cd generated/services/payments-api && env GOCACHE=/Users/gauravgs7/Documents/Projects/Aegis/.gocache GOMODCACHE=/Users/gauravgs7/Documents/Projects/Aegis/.gomodcache go test ./...)
?   	payments-api/cmd/server	[no test files]
[12:30:08] + kubectl kustomize generated/services/payments-api/k8s/overlays/staging
apiVersion: v1
kind: Namespace
metadata:
  labels:
    aegis.dev/environment: staging
    aegis.dev/team: platform
  name: platform
---
apiVersion: v1
automountServiceAccountToken: false
kind: ServiceAccount
metadata:
  labels:
    aegis.dev/environment: staging
  name: payments-api
  namespace: platform
---
apiVersion: v1
kind: Service
metadata:
  labels:
    aegis.dev/environment: staging
  name: payments-api
  namespace: platform
spec:
  ports:
  - name: http
    port: 80
    targetPort: http
  selector:
    app.kubernetes.io/name: payments-api
    aegis.dev/environment: staging
---
apiVersion: apps/v1
kind: Deployment
metadata:
  labels:
    app.kubernetes.io/managed-by: aegis
    app.kubernetes.io/name: payments-api
    aegis.dev/environment: staging
  name: payments-api
  namespace: platform
spec:
  replicas: 2
  selector:
    matchLabels:
      app.kubernetes.io/name: payments-api
      aegis.dev/environment: staging
  template:
    metadata:
      annotations:
        prometheus.io/path: /metrics
        prometheus.io/port: "8080"
        prometheus.io/scrape: "true"
      labels:
        app.kubernetes.io/name: payments-api
        aegis.dev/environment: staging
    spec:
      containers:
      - image: ghcr.io/example/payments-api:latest
        imagePullPolicy: IfNotPresent
        livenessProbe:
          httpGet:
            path: /readyz
            port: http
          initialDelaySeconds: 10
          periodSeconds: 20
        name: app
        ports:
        - containerPort: 8080
          name: http
        readinessProbe:
          httpGet:
            path: /readyz
            port: http
          initialDelaySeconds: 3
          periodSeconds: 10
        resources:
          limits:
            cpu: 500m
            memory: 256Mi
          requests:
            cpu: 50m
            memory: 64Mi
        securityContext:
          allowPrivilegeEscalation: false
          capabilities:
            drop:
            - ALL
          readOnlyRootFilesystem: true
          runAsNonRoot: true
      securityContext:
        runAsNonRoot: true
        seccompProfile:
          type: RuntimeDefault
      serviceAccountName: payments-api
---
apiVersion: autoscaling/v2
kind: HorizontalPodAutoscaler
metadata:
  labels:
    aegis.dev/environment: staging
  name: payments-api
  namespace: platform
spec:
  maxReplicas: 5
  metrics:
  - resource:
      name: cpu
      target:
        averageUtilization: 70
        type: Utilization
    type: Resource
  minReplicas: 2
  scaleTargetRef:
    apiVersion: apps/v1
    kind: Deployment
    name: payments-api
[12:30:08] pinned rendered manifest image to ghcr.io/example/payments-api:20260516T123005Z
[12:30:08] building container image ghcr.io/example/payments-api:20260516T123005Z
[12:30:08] + docker build -t ghcr.io/example/payments-api:20260516T123005Z generated/services/payments-api
#0 building with "desktop-linux" instance using docker driver

#1 [internal] load build definition from Dockerfile
#1 transferring dockerfile: 365B done
#1 DONE 0.0s

#2 [internal] load metadata for gcr.io/distroless/static-debian12:nonroot
#2 DONE 0.6s

#3 [internal] load metadata for docker.io/library/golang:1.23-alpine
#3 DONE 1.5s

#4 [internal] load .dockerignore
#4 transferring context: 2B done
#4 DONE 0.0s

#5 [stage-1 1/2] FROM gcr.io/distroless/static-debian12:nonroot@sha256:a9329520abc449e3b14d5bc3a6ffae065bdde0f02667fa10880c49b35c109fd1
#5 resolve gcr.io/distroless/static-debian12:nonroot@sha256:a9329520abc449e3b14d5bc3a6ffae065bdde0f02667fa10880c49b35c109fd1 0.0s done
#5 DONE 0.0s

#6 [build 1/6] FROM docker.io/library/golang:1.23-alpine@sha256:383395b794dffa5b53012a212365d40c8e37109a626ca30d6151c8348d380b5f
#6 resolve docker.io/library/golang:1.23-alpine@sha256:383395b794dffa5b53012a212365d40c8e37109a626ca30d6151c8348d380b5f 0.0s done
#6 DONE 0.0s

#7 [internal] load build context
#7 transferring context: 13.97kB 0.0s done
#7 DONE 0.0s

#8 [build 2/6] WORKDIR /src
#8 CACHED

#9 [build 3/6] COPY go.mod ./
#9 CACHED

#10 [build 4/6] RUN go mod download
#10 CACHED

#11 [build 5/6] COPY . .
#11 DONE 0.0s

#12 [build 6/6] RUN CGO_ENABLED=0 go build -o /out/service ./cmd/server
#12 DONE 7.5s

#13 [stage-1 2/2] COPY --from=build /out/service /service
#13 CACHED

#14 exporting to image
#14 exporting layers done
#14 exporting manifest sha256:97bcd2674b15c8b91e52a50c2ff31e4d37d03fa0e876c3dcdc6dfd2780202bad done
#14 exporting config sha256:69e35db2aed94ace949392136de1ef4fc602baf564ed92647ad4c4a7716c425f done
#14 exporting attestation manifest sha256:19d53b6230d1c8db285ea5911387bd76dec5f955ca2ec0395ca5132249ad21ff done
#14 exporting manifest list sha256:591f1153197293d7300720d98dc5072e0e5a3302704c18ee0b04346304bc7a07 done
#14 naming to ghcr.io/example/payments-api:20260516T123005Z done
#14 unpacking to ghcr.io/example/payments-api:20260516T123005Z 0.0s done
#14 DONE 0.1s
[12:30:18] kind cluster aegis-local already exists
[12:30:18] loading image into kind
[12:30:18] + kind load docker-image ghcr.io/example/payments-api:20260516T123005Z --name aegis-local
Image: "ghcr.io/example/payments-api:20260516T123005Z" with ID "sha256:591f1153197293d7300720d98dc5072e0e5a3302704c18ee0b04346304bc7a07" not yet present on node "aegis-local-control-plane", loading...
[12:30:19] deploying rendered manifests
[12:30:19] + kubectl config use-context kind-aegis-local
Switched to context "kind-aegis-local".
[12:30:19] + kubectl create namespace platform --dry-run=client -o yaml
apiVersion: v1
kind: Namespace
metadata:
  name: platform
spec: {}
status: {}
namespace/platform configured
[12:30:19] + kubectl apply --dry-run=server -f artifacts/local-ci-cd/20260516T123005Z/rendered.yaml
namespace/platform configured (server dry run)
serviceaccount/payments-api unchanged (server dry run)
service/payments-api unchanged (server dry run)
deployment.apps/payments-api configured (server dry run)
horizontalpodautoscaler.autoscaling/payments-api unchanged (server dry run)
[12:30:20] + kubectl apply -f artifacts/local-ci-cd/20260516T123005Z/rendered.yaml
namespace/platform configured
serviceaccount/payments-api unchanged
service/payments-api unchanged
deployment.apps/payments-api configured
horizontalpodautoscaler.autoscaling/payments-api unchanged
[12:30:20] + kubectl -n platform rollout status deployment/payments-api --timeout=180s
Waiting for deployment "payments-api" rollout to finish: 1 out of 2 new replicas have been updated...
Waiting for deployment "payments-api" rollout to finish: 1 out of 2 new replicas have been updated...
Waiting for deployment "payments-api" rollout to finish: 1 out of 2 new replicas have been updated...
Waiting for deployment "payments-api" rollout to finish: 1 old replicas are pending termination...
Waiting for deployment "payments-api" rollout to finish: 1 old replicas are pending termination...
Waiting for deployment "payments-api" rollout to finish: 1 old replicas are pending termination...
Waiting for deployment "payments-api" rollout to finish: 1 old replicas are pending termination...
deployment "payments-api" successfully rolled out
[12:30:44] + kubectl -n platform get deploy,svc,hpa,pods -l app.kubernetes.io/name=payments-api -o wide
NAME                           READY   UP-TO-DATE   AVAILABLE   AGE   CONTAINERS   IMAGES                                          SELECTOR
deployment.apps/payments-api   2/2     2            2           4m    app          ghcr.io/example/payments-api:20260516T123005Z   app.kubernetes.io/name=payments-api,aegis.dev/environment=staging

NAME                                READY   STATUS        RESTARTS   AGE   IP           NODE                        NOMINATED NODE   READINESS GATES
pod/payments-api-64c48757b4-6jzbg   0/1     Terminating   0          4m    10.244.0.5   aegis-local-control-plane   <none>           <none>
pod/payments-api-b75c585cd-hhmg8    1/1     Running       0          25s   10.244.0.7   aegis-local-control-plane   <none>           <none>
pod/payments-api-b75c585cd-tcpb7    1/1     Running       0          13s   10.244.0.8   aegis-local-control-plane   <none>           <none>
[12:30:45] verifying service readiness and metrics through port-forward
Forwarding from 127.0.0.1:18080 -> 8080
Forwarding from [::1]:18080 -> 8080
Handling connection for 18080
[12:30:46] + curl -fsS http://127.0.0.1:18080/readyz
Handling connection for 18080
{"status":"ready"}
[12:30:46] + curl -fsS http://127.0.0.1:18080/metrics
Handling connection for 18080
# HELP http_requests_total Total HTTP requests.
# TYPE http_requests_total counter
http_requests_total{service="payments-api",status="200"} 1
# HELP http_request_duration_seconds HTTP request latency.
# TYPE http_request_duration_seconds histogram
http_request_duration_seconds_bucket{service="payments-api",le="0.3"} 1
http_request_duration_seconds_bucket{service="payments-api",le="+Inf"} 1
http_request_duration_seconds_sum{service="payments-api"} 0.12
http_request_duration_seconds_count{service="payments-api"} 1
[12:30:46] recording failed canary through Aegis health gate
[12:30:46] + env GOCACHE=/Users/gauravgs7/Documents/Projects/Aegis/.gocache GOMODCACHE=/Users/gauravgs7/Documents/Projects/Aegis/.gomodcache AEGIS_API_TOKEN=local-dev-token AEGIS_API_URL=http://127.0.0.1:8080 go run ./cli/cmd/aegis health-gate --name payments-api --p99-latency-ms 450 --error-rate 0.2 --success-count 100
{"time":"2026-05-16T18:00:46.736693+05:30","level":"INFO","msg":"request","method":"POST","path":"/api/v1/services/payments-api/health-gate","status":202,"duration_ms":10,"remote_addr":"127.0.0.1:63580"}
{
  "decision": {
    "action": "rollback",
    "healthy": false,
    "reason": "p99 latency 450.00ms exceeds 300.00ms"
  },
  "metrics": {
    "errorRate": 0.2,
    "p99LatencyMs": 450,
    "successCount": 100
  },
  "rollbackDeployment": {
    "environment": "staging",
    "id": "6f0c2064-1a02-451d-a333-8b19e81a2497",
    "serviceId": "19f9b969-40e6-4c63-b69a-9ac4d811568c",
    "startedAt": "2026-05-16T12:30:46.734323Z",
    "status": "rollback-triggered",
    "strategy": "canary",
    "version": "healthgate-rollback-20260516123046"
  },
  "service": "payments-api"
}
[12:30:46] + env GOCACHE=/Users/gauravgs7/Documents/Projects/Aegis/.gocache GOMODCACHE=/Users/gauravgs7/Documents/Projects/Aegis/.gomodcache AEGIS_API_TOKEN=local-dev-token AEGIS_API_URL=http://127.0.0.1:8080 go run ./cli/cmd/aegis deployments --name payments-api
{"time":"2026-05-16T18:00:46.850821+05:30","level":"INFO","msg":"request","method":"GET","path":"/api/v1/services/payments-api/deployments","status":200,"duration_ms":0,"remote_addr":"127.0.0.1:63581"}
{
  "deployments": [
    {
      "environment": "staging",
      "id": "6f0c2064-1a02-451d-a333-8b19e81a2497",
      "serviceId": "19f9b969-40e6-4c63-b69a-9ac4d811568c",
      "startedAt": "2026-05-16T12:30:46.734323Z",
      "status": "rollback-triggered",
      "strategy": "canary",
      "version": "healthgate-rollback-20260516123046"
    },
    {
      "environment": "staging",
      "id": "6d4fb066-7a36-4882-b128-d1d30b528e3e",
      "serviceId": "19f9b969-40e6-4c63-b69a-9ac4d811568c",
      "startedAt": "2026-05-16T12:30:07.745874Z",
      "status": "generated",
      "strategy": "canary",
      "version": "v0.1.0"
    }
  ],
  "service": "payments-api"
}
[12:30:46] + curl -fsS http://127.0.0.1:8080/metrics
{"time":"2026-05-16T18:00:46.881844+05:30","level":"INFO","msg":"request","method":"GET","path":"/metrics","status":200,"duration_ms":4,"remote_addr":"127.0.0.1:63582"}
# HELP aegis_uptime_seconds Aegis API uptime in seconds.
# TYPE aegis_uptime_seconds gauge
aegis_uptime_seconds 39
# HELP aegis_http_requests_total Total Aegis HTTP requests.
# TYPE aegis_http_requests_total counter
aegis_http_requests_total{method="GET",route="/readyz",status="200"} 1
aegis_http_requests_total{method="POST",route="/api/v1/services",status="201"} 1
aegis_http_requests_total{method="POST",route="/api/v1/services/{name}/health-gate",status="202"} 1
aegis_http_requests_total{method="GET",route="/api/v1/services/{name}/deployments",status="200"} 1
[12:30:46] pipeline passed; evidence written to artifacts/local-ci-cd/20260516T123005Z
