[12:24:42] starting local CI/CD pipeline for payments-api
[12:24:42] preflight checks
[12:24:42] + docker info
Client:
 Version:    27.3.1
 Context:    desktop-linux
 Debug Mode: false
 Plugins:
  ai: Ask Gordon - Docker Agent (Docker Inc.)
    Version:  v0.1.0
    Path:     /Users/gauravgs7/.docker/cli-plugins/docker-ai
  buildx: Docker Buildx (Docker Inc.)
    Version:  v0.18.0-desktop.2
    Path:     /Users/gauravgs7/.docker/cli-plugins/docker-buildx
  compose: Docker Compose (Docker Inc.)
    Version:  v2.30.3-desktop.1
    Path:     /Users/gauravgs7/.docker/cli-plugins/docker-compose
  debug: Get a shell into any image or container (Docker Inc.)
    Version:  0.0.37
    Path:     /Users/gauravgs7/.docker/cli-plugins/docker-debug
  desktop: Docker Desktop commands (Alpha) (Docker Inc.)
    Version:  v0.0.15
    Path:     /Users/gauravgs7/.docker/cli-plugins/docker-desktop
  dev: Docker Dev Environments (Docker Inc.)
    Version:  v0.1.2
    Path:     /Users/gauravgs7/.docker/cli-plugins/docker-dev
  extension: Manages Docker extensions (Docker Inc.)
    Version:  v0.2.27
    Path:     /Users/gauravgs7/.docker/cli-plugins/docker-extension
  feedback: Provide feedback, right in your terminal! (Docker Inc.)
    Version:  v1.0.5
    Path:     /Users/gauravgs7/.docker/cli-plugins/docker-feedback
  init: Creates Docker-related starter files for your project (Docker Inc.)
    Version:  v1.4.0
    Path:     /Users/gauravgs7/.docker/cli-plugins/docker-init
  sbom: View the packaged-based Software Bill Of Materials (SBOM) for an image (Anchore Inc.)
    Version:  0.6.0
    Path:     /Users/gauravgs7/.docker/cli-plugins/docker-sbom
  scout: Docker Scout (Docker Inc.)
    Version:  v1.15.0
    Path:     /Users/gauravgs7/.docker/cli-plugins/docker-scout

Server:
 Containers: 7
  Running: 0
  Paused: 0
  Stopped: 7
 Images: 28
 Server Version: 27.3.1
 Storage Driver: overlayfs
  driver-type: io.containerd.snapshotter.v1
 Logging Driver: json-file
 Cgroup Driver: cgroupfs
 Cgroup Version: 2
 Plugins:
  Volume: local
  Network: bridge host ipvlan macvlan null overlay
  Log: awslogs fluentd gcplogs gelf journald json-file local splunk syslog
 Swarm: inactive
 Runtimes: io.containerd.runc.v2 runc
 Default Runtime: runc
 Init Binary: docker-init
 containerd version: 472731909fa34bd7bc9c087e4c27943f9835f111
 runc version: v1.1.13-0-g58aa920
 init version: de40ad0
 Security Options:
  seccomp
   Profile: unconfined
  cgroupns
 Kernel Version: 6.10.14-linuxkit
 Operating System: Docker Desktop
 OSType: linux
 Architecture: aarch64
 CPUs: 8
 Total Memory: 3.827GiB
 Name: docker-desktop
 ID: cac94e10-c67e-431b-8934-c43300988562
 Docker Root Dir: /var/lib/docker
 Debug Mode: false
 HTTP Proxy: http.docker.internal:3128
 HTTPS Proxy: http.docker.internal:3128
 No Proxy: hubproxy.docker.internal
 Labels:
  com.docker.desktop.address=unix:///Users/gauravgs7/Library/Containers/com.docker.docker/Data/docker-cli.sock
 Experimental: false
 Insecure Registries:
  hubproxy.docker.internal:5555
  127.0.0.0/8
 Live Restore Enabled: false

WARNING: daemon is not using the default seccomp profile
[12:24:42] trivy not found; image scan will be recorded as skipped
[12:24:42] starting Aegis API at 127.0.0.1:8080
2026/05/16 17:54:43 aegis api listening on 127.0.0.1:8080
{"time":"2026-05-16T17:54:43.872153+05:30","level":"INFO","msg":"request","method":"GET","path":"/readyz","status":200,"duration_ms":1,"remote_addr":"127.0.0.1:63438"}
[12:24:43] onboarding payments-api through Aegis
[12:24:43] + env GOCACHE=/Users/gauravgs7/Documents/Projects/Aegis/.gocache GOMODCACHE=/Users/gauravgs7/Documents/Projects/Aegis/.gomodcache AEGIS_API_TOKEN=local-dev-token AEGIS_API_URL=http://127.0.0.1:8080 go run ./cli/cmd/aegis onboard --name payments-api --language go --team platform --owner gaurav --namespace platform --env staging --slo 99.9 --strategy canary
{"time":"2026-05-16T17:54:43.985561+05:30","level":"INFO","msg":"request","method":"POST","path":"/api/v1/services","status":201,"duration_ms":5,"remote_addr":"127.0.0.1:63439"}
{
  "generated": {
    "files": [
      "generated/services/payments-api/Dockerfile",
      "generated/services/payments-api/Makefile",
      "generated/services/payments-api/README.md",
      "generated/services/payments-api/cmd/server/main.go",
      "generated/services/payments-api/go.mod",
      "generated/services/payments-api/.github/workflows/ci.yml",
      "generated/services/payments-api/k8s/base/deployment.yaml",
      "generated/services/payments-api/k8s/base/hpa.yaml",
      "generated/services/payments-api/k8s/base/kustomization.yaml",
      "generated/services/payments-api/k8s/base/namespace.yaml",
      "generated/services/payments-api/k8s/base/service.yaml",
      "generated/services/payments-api/k8s/base/serviceaccount.yaml",
      "generated/services/payments-api/k8s/overlays/dev/kustomization.yaml",
      "generated/services/payments-api/k8s/overlays/staging/kustomization.yaml",
      "generated/services/payments-api/k8s/overlays/prod/kustomization.yaml",
      "generated/services/payments-api/observability/dashboard.json",
      "generated/services/payments-api/observability/alerts.yaml",
      "generated/services/payments-api/runbooks/incident-runbook.md",
      "generated/services/payments-api/infra/terraform/main.tf",
      "generated/services/payments-api/infra/argocd/application.yaml"
    ],
    "outputPath": "generated/services/payments-api",
    "serviceName": "payments-api"
  },
  "service": {
    "createdAt": "2026-05-16T12:24:43.981552Z",
    "deploymentStrategy": "canary",
    "environment": "staging",
    "id": "7bb24b98-b89c-40e2-a019-229418827279",
    "language": "go",
    "name": "payments-api",
    "namespace": "platform",
    "owner": "gaurav",
    "sloTarget": 99.9,
    "team": "platform",
    "updatedAt": "2026-05-16T12:24:43.981552Z"
  }
}
[12:24:43] running local CI checks for generated/services/payments-api
[12:24:43] + scripts/validate-service-scaffold.sh generated/services/payments-api
service scaffold validation passed for generated/services/payments-api
[12:24:44] + (cd generated/services/payments-api && env GOCACHE=/Users/gauravgs7/Documents/Projects/Aegis/.gocache GOMODCACHE=/Users/gauravgs7/Documents/Projects/Aegis/.gomodcache go test ./...)
?   	payments-api/cmd/server	[no test files]
[12:24:44] + kubectl kustomize generated/services/payments-api/k8s/overlays/staging
apiVersion: v1
kind: Namespace
metadata:
  labels:
    aegis.dev/environment: staging
    aegis.dev/team: platform
  name: platform
---
apiVersion: v1
automountServiceAccountToken: false
kind: ServiceAccount
metadata:
  labels:
    aegis.dev/environment: staging
  name: payments-api
  namespace: platform
---
apiVersion: v1
kind: Service
metadata:
  labels:
    aegis.dev/environment: staging
  name: payments-api
  namespace: platform
spec:
  ports:
  - name: http
    port: 80
    targetPort: http
  selector:
    app.kubernetes.io/name: payments-api
    aegis.dev/environment: staging
---
apiVersion: apps/v1
kind: Deployment
metadata:
  labels:
    app.kubernetes.io/managed-by: aegis
    app.kubernetes.io/name: payments-api
    aegis.dev/environment: staging
  name: payments-api
  namespace: platform
spec:
  replicas: 2
  selector:
    matchLabels:
      app.kubernetes.io/name: payments-api
      aegis.dev/environment: staging
  template:
    metadata:
      annotations:
        prometheus.io/path: /metrics
        prometheus.io/port: "8080"
        prometheus.io/scrape: "true"
      labels:
        app.kubernetes.io/name: payments-api
        aegis.dev/environment: staging
    spec:
      containers:
      - image: ghcr.io/example/payments-api:latest
        imagePullPolicy: IfNotPresent
        livenessProbe:
          httpGet:
            path: /readyz
            port: http
          initialDelaySeconds: 10
          periodSeconds: 20
        name: app
        ports:
        - containerPort: 8080
          name: http
        readinessProbe:
          httpGet:
            path: /readyz
            port: http
          initialDelaySeconds: 3
          periodSeconds: 10
        resources:
          limits:
            cpu: 500m
            memory: 256Mi
          requests:
            cpu: 50m
            memory: 64Mi
        securityContext:
          allowPrivilegeEscalation: false
          capabilities:
            drop:
            - ALL
          readOnlyRootFilesystem: true
          runAsNonRoot: true
      securityContext:
        runAsNonRoot: true
        seccompProfile:
          type: RuntimeDefault
      serviceAccountName: payments-api
---
apiVersion: autoscaling/v2
kind: HorizontalPodAutoscaler
metadata:
  labels:
    aegis.dev/environment: staging
  name: payments-api
  namespace: platform
spec:
  maxReplicas: 5
  metrics:
  - resource:
      name: cpu
      target:
        averageUtilization: 70
        type: Utilization
    type: Resource
  minReplicas: 2
  scaleTargetRef:
    apiVersion: apps/v1
    kind: Deployment
    name: payments-api
[12:24:44] building container image ghcr.io/example/payments-api:latest
[12:24:44] + docker build -t ghcr.io/example/payments-api:latest generated/services/payments-api
#0 building with "desktop-linux" instance using docker driver

#1 [internal] load build definition from Dockerfile
#1 transferring dockerfile: 369B done
#1 DONE 0.0s

#2 [internal] load metadata for docker.io/library/golang:1.23-alpine
#2 ...

#3 [internal] load metadata for gcr.io/distroless/static-debian12:nonroot
#3 DONE 3.5s

#2 [internal] load metadata for docker.io/library/golang:1.23-alpine
#2 DONE 3.5s

#4 [internal] load .dockerignore
#4 transferring context: 2B done
#4 DONE 0.0s

#5 [internal] load build context
#5 transferring context: 13.98kB 0.0s done
#5 DONE 0.0s

#6 [stage-1 1/2] FROM gcr.io/distroless/static-debian12:nonroot@sha256:a9329520abc449e3b14d5bc3a6ffae065bdde0f02667fa10880c49b35c109fd1
#6 resolve gcr.io/distroless/static-debian12:nonroot@sha256:a9329520abc449e3b14d5bc3a6ffae065bdde0f02667fa10880c49b35c109fd1 0.0s done
#6 DONE 0.1s

#7 [build 1/6] FROM docker.io/library/golang:1.23-alpine@sha256:383395b794dffa5b53012a212365d40c8e37109a626ca30d6151c8348d380b5f
#7 resolve docker.io/library/golang:1.23-alpine@sha256:383395b794dffa5b53012a212365d40c8e37109a626ca30d6151c8348d380b5f 0.0s done
#7 sha256:382d65ac76ebcbc7ba7ee0d232ae7afbec48e2b3b673983ac8ced522dabe3abb 0B / 70.70MB 0.2s
#7 sha256:13eebdc497b76e3a8d650f3508406dd372001df44915970a80418896bf835077 0B / 126B 0.3s
#7 sha256:7d1a427e917c48b164eae3ec3692b4741f5de528261925d2e5efc62a43e5bfc4 0B / 284.71kB 0.2s
#7 sha256:6e174226ea690ced550e5641249a412cdbefd2d09871f3e64ab52137a54ba606 0B / 4.13MB 0.2s
#7 sha256:13eebdc497b76e3a8d650f3508406dd372001df44915970a80418896bf835077 126B / 126B 0.8s done
#7 sha256:7d1a427e917c48b164eae3ec3692b4741f5de528261925d2e5efc62a43e5bfc4 284.71kB / 284.71kB 2.1s done
#7 sha256:382d65ac76ebcbc7ba7ee0d232ae7afbec48e2b3b673983ac8ced522dabe3abb 4.19MB / 70.70MB 3.2s
#7 sha256:6e174226ea690ced550e5641249a412cdbefd2d09871f3e64ab52137a54ba606 1.05MB / 4.13MB 4.4s
#7 sha256:382d65ac76ebcbc7ba7ee0d232ae7afbec48e2b3b673983ac8ced522dabe3abb 8.39MB / 70.70MB 5.4s
#7 sha256:6e174226ea690ced550e5641249a412cdbefd2d09871f3e64ab52137a54ba606 2.10MB / 4.13MB 6.5s
#7 sha256:382d65ac76ebcbc7ba7ee0d232ae7afbec48e2b3b673983ac8ced522dabe3abb 12.58MB / 70.70MB 7.7s
#7 sha256:6e174226ea690ced550e5641249a412cdbefd2d09871f3e64ab52137a54ba606 3.15MB / 4.13MB 8.3s
#7 sha256:6e174226ea690ced550e5641249a412cdbefd2d09871f3e64ab52137a54ba606 4.13MB / 4.13MB 9.6s done
#7 extracting sha256:6e174226ea690ced550e5641249a412cdbefd2d09871f3e64ab52137a54ba606 0.1s done
#7 extracting sha256:7d1a427e917c48b164eae3ec3692b4741f5de528261925d2e5efc62a43e5bfc4 0.0s done
#7 sha256:382d65ac76ebcbc7ba7ee0d232ae7afbec48e2b3b673983ac8ced522dabe3abb 16.78MB / 70.70MB 10.1s
#7 sha256:382d65ac76ebcbc7ba7ee0d232ae7afbec48e2b3b673983ac8ced522dabe3abb 20.97MB / 70.70MB 11.7s
#7 sha256:382d65ac76ebcbc7ba7ee0d232ae7afbec48e2b3b673983ac8ced522dabe3abb 25.17MB / 70.70MB 13.5s
#7 sha256:382d65ac76ebcbc7ba7ee0d232ae7afbec48e2b3b673983ac8ced522dabe3abb 29.36MB / 70.70MB 15.3s
#7 sha256:382d65ac76ebcbc7ba7ee0d232ae7afbec48e2b3b673983ac8ced522dabe3abb 33.55MB / 70.70MB 17.6s
#7 sha256:382d65ac76ebcbc7ba7ee0d232ae7afbec48e2b3b673983ac8ced522dabe3abb 37.75MB / 70.70MB 19.4s
#7 sha256:382d65ac76ebcbc7ba7ee0d232ae7afbec48e2b3b673983ac8ced522dabe3abb 41.94MB / 70.70MB 21.6s
#7 sha256:382d65ac76ebcbc7ba7ee0d232ae7afbec48e2b3b673983ac8ced522dabe3abb 46.14MB / 70.70MB 23.4s
#7 sha256:382d65ac76ebcbc7ba7ee0d232ae7afbec48e2b3b673983ac8ced522dabe3abb 50.33MB / 70.70MB 25.2s
#7 sha256:382d65ac76ebcbc7ba7ee0d232ae7afbec48e2b3b673983ac8ced522dabe3abb 54.53MB / 70.70MB 27.9s
#7 sha256:382d65ac76ebcbc7ba7ee0d232ae7afbec48e2b3b673983ac8ced522dabe3abb 58.72MB / 70.70MB 29.7s
#7 sha256:382d65ac76ebcbc7ba7ee0d232ae7afbec48e2b3b673983ac8ced522dabe3abb 62.91MB / 70.70MB 31.4s
#7 sha256:382d65ac76ebcbc7ba7ee0d232ae7afbec48e2b3b673983ac8ced522dabe3abb 67.11MB / 70.70MB 33.0s
#7 sha256:382d65ac76ebcbc7ba7ee0d232ae7afbec48e2b3b673983ac8ced522dabe3abb 70.70MB / 70.70MB 34.5s
#7 sha256:382d65ac76ebcbc7ba7ee0d232ae7afbec48e2b3b673983ac8ced522dabe3abb 70.70MB / 70.70MB 34.5s done
#7 extracting sha256:382d65ac76ebcbc7ba7ee0d232ae7afbec48e2b3b673983ac8ced522dabe3abb
#7 extracting sha256:382d65ac76ebcbc7ba7ee0d232ae7afbec48e2b3b673983ac8ced522dabe3abb 1.3s done
#7 DONE 35.9s

#7 [build 1/6] FROM docker.io/library/golang:1.23-alpine@sha256:383395b794dffa5b53012a212365d40c8e37109a626ca30d6151c8348d380b5f
#7 extracting sha256:13eebdc497b76e3a8d650f3508406dd372001df44915970a80418896bf835077 0.0s done
#7 extracting sha256:4f4fb700ef54461cfa02571ae0db9a0dc1e0cdb5577484a6d75e68dc38e8acc1 done
#7 DONE 35.9s

#8 [build 2/6] WORKDIR /src
#8 DONE 0.6s

#9 [build 3/6] COPY go.mod ./
#9 DONE 0.0s

#10 [build 4/6] RUN go mod download
#10 0.132 go: no module dependencies to download
#10 DONE 0.1s

#11 [build 5/6] COPY . .
#11 DONE 0.0s

#12 [build 6/6] RUN CGO_ENABLED=0 go build -o /out/service ./cmd/server
#12 DONE 4.7s

#13 [stage-1 2/2] COPY --from=build /out/service /service
#13 DONE 0.1s

#14 exporting to image
#14 exporting layers
#14 exporting layers 0.3s done
#14 exporting manifest sha256:39dfbb37a7d8e8bc2596c9f8c8716608283999568501527d410d41dcb13879b0
#14 exporting manifest sha256:39dfbb37a7d8e8bc2596c9f8c8716608283999568501527d410d41dcb13879b0 done
#14 exporting config sha256:5d8f180c252bdda42f115e1c5c59b6274e8abf8a018c90e5f07a78590d12e48b done
#14 exporting attestation manifest sha256:a13453b4dd409c1ed81af3dfc870f17e4439d5f253ae0fd10a64b892c1835ba9 done
#14 exporting manifest list sha256:a571f60d9d329c9dac994e5d2f3aaf09a706a48b7428c463d72284ccf4aac37c done
#14 naming to ghcr.io/example/payments-api:latest done
#14 unpacking to ghcr.io/example/payments-api:latest 0.0s done
#14 DONE 0.3s
[12:25:32] creating kind cluster aegis-local
[12:25:32] + kind create cluster --name aegis-local --wait 120s
Creating cluster "aegis-local" ...
 • Ensuring node image (kindest/node:v1.35.0) 🖼  ...
 ✓ Ensuring node image (kindest/node:v1.35.0) 🖼
 • Preparing nodes 📦   ...
 ✓ Preparing nodes 📦 
 • Writing configuration 📜  ...
 ✓ Writing configuration 📜
 • Starting control-plane 🕹️  ...
 ✓ Starting control-plane 🕹️
 • Installing CNI 🔌  ...
 ✓ Installing CNI 🔌
 • Installing StorageClass 💾  ...
 ✓ Installing StorageClass 💾
 • Waiting ≤ 2m0s for control-plane = Ready ⏳  ...
 ✓ Waiting ≤ 2m0s for control-plane = Ready ⏳
 • Ready after 19s 💚
Set kubectl context to "kind-aegis-local"
You can now use your cluster with:

kubectl cluster-info --context kind-aegis-local

Have a question, bug, or feature request? Let us know! https://kind.sigs.k8s.io/#community 🙂
[12:26:04] loading image into kind
[12:26:04] + kind load docker-image ghcr.io/example/payments-api:latest --name aegis-local
Image: "ghcr.io/example/payments-api:latest" with ID "sha256:a571f60d9d329c9dac994e5d2f3aaf09a706a48b7428c463d72284ccf4aac37c" not yet present on node "aegis-local-control-plane", loading...
[12:26:08] deploying rendered manifests
[12:26:08] + kubectl config use-context kind-aegis-local
Switched to context "kind-aegis-local".
[12:26:09] + kubectl apply --dry-run=server -f artifacts/local-ci-cd/20260516T122442Z/rendered.yaml
namespace/platform created (server dry run)
Error from server (NotFound): error when creating "artifacts/local-ci-cd/20260516T122442Z/rendered.yaml": namespaces "platform" not found
Error from server (NotFound): error when creating "artifacts/local-ci-cd/20260516T122442Z/rendered.yaml": namespaces "platform" not found
Error from server (NotFound): error when creating "artifacts/local-ci-cd/20260516T122442Z/rendered.yaml": namespaces "platform" not found
Error from server (NotFound): error when creating "artifacts/local-ci-cd/20260516T122442Z/rendered.yaml": namespaces "platform" not found
[12:26:10] pipeline failed near line 41
