[12:24:10] starting local CI/CD pipeline for payments-api
[12:24:10] preflight checks
[12:24:10] + docker info
Client:
 Version:    27.3.1
 Context:    desktop-linux
 Debug Mode: false
 Plugins:
  ai: Ask Gordon - Docker Agent (Docker Inc.)
    Version:  v0.1.0
    Path:     /Users/gauravgs7/.docker/cli-plugins/docker-ai
  buildx: Docker Buildx (Docker Inc.)
    Version:  v0.18.0-desktop.2
    Path:     /Users/gauravgs7/.docker/cli-plugins/docker-buildx
  compose: Docker Compose (Docker Inc.)
    Version:  v2.30.3-desktop.1
    Path:     /Users/gauravgs7/.docker/cli-plugins/docker-compose
  debug: Get a shell into any image or container (Docker Inc.)
    Version:  0.0.37
    Path:     /Users/gauravgs7/.docker/cli-plugins/docker-debug
  desktop: Docker Desktop commands (Alpha) (Docker Inc.)
    Version:  v0.0.15
    Path:     /Users/gauravgs7/.docker/cli-plugins/docker-desktop
  dev: Docker Dev Environments (Docker Inc.)
    Version:  v0.1.2
    Path:     /Users/gauravgs7/.docker/cli-plugins/docker-dev
  extension: Manages Docker extensions (Docker Inc.)
    Version:  v0.2.27
    Path:     /Users/gauravgs7/.docker/cli-plugins/docker-extension
  feedback: Provide feedback, right in your terminal! (Docker Inc.)
    Version:  v1.0.5
    Path:     /Users/gauravgs7/.docker/cli-plugins/docker-feedback
  init: Creates Docker-related starter files for your project (Docker Inc.)
    Version:  v1.4.0
    Path:     /Users/gauravgs7/.docker/cli-plugins/docker-init
  sbom: View the packaged-based Software Bill Of Materials (SBOM) for an image (Anchore Inc.)
    Version:  0.6.0
    Path:     /Users/gauravgs7/.docker/cli-plugins/docker-sbom
  scout: Docker Scout (Docker Inc.)
    Version:  v1.15.0
    Path:     /Users/gauravgs7/.docker/cli-plugins/docker-scout

Server:
 Containers: 7
  Running: 0
  Paused: 0
  Stopped: 7
 Images: 28
 Server Version: 27.3.1
 Storage Driver: overlayfs
  driver-type: io.containerd.snapshotter.v1
 Logging Driver: json-file
 Cgroup Driver: cgroupfs
 Cgroup Version: 2
 Plugins:
  Volume: local
  Network: bridge host ipvlan macvlan null overlay
  Log: awslogs fluentd gcplogs gelf journald json-file local splunk syslog
 Swarm: inactive
 Runtimes: io.containerd.runc.v2 runc
 Default Runtime: runc
 Init Binary: docker-init
 containerd version: 472731909fa34bd7bc9c087e4c27943f9835f111
 runc version: v1.1.13-0-g58aa920
 init version: de40ad0
 Security Options:
  seccomp
   Profile: unconfined
  cgroupns
 Kernel Version: 6.10.14-linuxkit
 Operating System: Docker Desktop
 OSType: linux
 Architecture: aarch64
 CPUs: 8
 Total Memory: 3.827GiB
 Name: docker-desktop
 ID: cac94e10-c67e-431b-8934-c43300988562
 Docker Root Dir: /var/lib/docker
 Debug Mode: false
 HTTP Proxy: http.docker.internal:3128
 HTTPS Proxy: http.docker.internal:3128
 No Proxy: hubproxy.docker.internal
 Labels:
  com.docker.desktop.address=unix:///Users/gauravgs7/Library/Containers/com.docker.docker/Data/docker-cli.sock
 Experimental: false
 Insecure Registries:
  hubproxy.docker.internal:5555
  127.0.0.0/8
 Live Restore Enabled: false

WARNING: daemon is not using the default seccomp profile
[12:24:11] trivy not found; image scan will be recorded as skipped
[12:24:11] starting Aegis API at 127.0.0.1:8080
2026/05/16 17:54:11 aegis api listening on 127.0.0.1:8080
{"time":"2026-05-16T17:54:12.721161+05:30","level":"INFO","msg":"request","method":"GET","path":"/readyz","status":200,"duration_ms":17,"remote_addr":"127.0.0.1:63424"}
[12:24:12] onboarding payments-api through Aegis
[12:24:12] + env GOCACHE=/Users/gauravgs7/Documents/Projects/Aegis/.gocache GOMODCACHE=/Users/gauravgs7/Documents/Projects/Aegis/.gomodcache AEGIS_API_TOKEN=local-dev-token AEGIS_API_URL=http://127.0.0.1:8080 go run ./cli/cmd/aegis onboard --name payments-api --language go --team platform --owner gaurav --namespace platform --env staging --slo 99.9 --strategy canary
{"time":"2026-05-16T17:54:13.487901+05:30","level":"INFO","msg":"request","method":"POST","path":"/api/v1/services","status":201,"duration_ms":44,"remote_addr":"127.0.0.1:63425"}
{
  "generated": {
    "files": [
      "generated/services/payments-api/Dockerfile",
      "generated/services/payments-api/Makefile",
      "generated/services/payments-api/README.md",
      "generated/services/payments-api/cmd/server/main.go",
      "generated/services/payments-api/go.mod",
      "generated/services/payments-api/.github/workflows/ci.yml",
      "generated/services/payments-api/k8s/base/deployment.yaml",
      "generated/services/payments-api/k8s/base/hpa.yaml",
      "generated/services/payments-api/k8s/base/kustomization.yaml",
      "generated/services/payments-api/k8s/base/namespace.yaml",
      "generated/services/payments-api/k8s/base/service.yaml",
      "generated/services/payments-api/k8s/base/serviceaccount.yaml",
      "generated/services/payments-api/k8s/overlays/dev/kustomization.yaml",
      "generated/services/payments-api/k8s/overlays/staging/kustomization.yaml",
      "generated/services/payments-api/k8s/overlays/prod/kustomization.yaml",
      "generated/services/payments-api/observability/dashboard.json",
      "generated/services/payments-api/observability/alerts.yaml",
      "generated/services/payments-api/runbooks/incident-runbook.md",
      "generated/services/payments-api/infra/terraform/main.tf",
      "generated/services/payments-api/infra/argocd/application.yaml"
    ],
    "outputPath": "generated/services/payments-api",
    "serviceName": "payments-api"
  },
  "service": {
    "createdAt": "2026-05-16T12:24:13.456659Z",
    "deploymentStrategy": "canary",
    "environment": "staging",
    "id": "7c5f46fc-0ed1-4294-a9f3-ae1349f00c1b",
    "language": "go",
    "name": "payments-api",
    "namespace": "platform",
    "owner": "gaurav",
    "sloTarget": 99.9,
    "team": "platform",
    "updatedAt": "2026-05-16T12:24:13.456659Z"
  }
}
[12:24:13] running local CI checks for generated/services/payments-api
[12:24:13] + scripts/validate-service-scaffold.sh generated/services/payments-api
service scaffold validation passed for generated/services/payments-api
[12:24:14] + (cd generated/services/payments-api && env GOCACHE=/Users/gauravgs7/Documents/Projects/Aegis/.gocache GOMODCACHE=/Users/gauravgs7/Documents/Projects/Aegis/.gomodcache go test ./...)
?   	payments-api/cmd/server	[no test files]
[12:24:14] + kubectl kustomize generated/services/payments-api/k8s/overlays/staging
# Warning: 'commonLabels' is deprecated. Please use 'labels' instead. Run 'kustomize edit fix' to update your Kustomization automatically.
apiVersion: v1
kind: Namespace
metadata:
  labels:
    aegis.dev/environment: staging
    aegis.dev/team: platform
  name: platform
---
apiVersion: v1
automountServiceAccountToken: false
kind: ServiceAccount
metadata:
  labels:
    aegis.dev/environment: staging
  name: payments-api
  namespace: platform
---
apiVersion: v1
kind: Service
metadata:
  labels:
    aegis.dev/environment: staging
  name: payments-api
  namespace: platform
spec:
  ports:
  - name: http
    port: 80
    targetPort: http
  selector:
    app.kubernetes.io/name: payments-api
    aegis.dev/environment: staging
---
apiVersion: apps/v1
kind: Deployment
metadata:
  labels:
    app.kubernetes.io/managed-by: aegis
    app.kubernetes.io/name: payments-api
    aegis.dev/environment: staging
  name: payments-api
  namespace: platform
spec:
  replicas: 2
  selector:
    matchLabels:
      app.kubernetes.io/name: payments-api
      aegis.dev/environment: staging
  template:
    metadata:
      annotations:
        prometheus.io/path: /metrics
        prometheus.io/port: "8080"
        prometheus.io/scrape: "true"
      labels:
        app.kubernetes.io/name: payments-api
        aegis.dev/environment: staging
    spec:
      containers:
      - image: ghcr.io/example/payments-api:latest
        imagePullPolicy: IfNotPresent
        livenessProbe:
          httpGet:
            path: /readyz
            port: http
          initialDelaySeconds: 10
          periodSeconds: 20
        name: app
        ports:
        - containerPort: 8080
          name: http
        readinessProbe:
          httpGet:
            path: /readyz
            port: http
          initialDelaySeconds: 3
          periodSeconds: 10
        resources:
          limits:
            cpu: 500m
            memory: 256Mi
          requests:
            cpu: 50m
            memory: 64Mi
        securityContext:
          allowPrivilegeEscalation: false
          capabilities:
            drop:
            - ALL
          readOnlyRootFilesystem: true
          runAsNonRoot: true
      securityContext:
        runAsNonRoot: true
        seccompProfile:
          type: RuntimeDefault
      serviceAccountName: payments-api
---
apiVersion: autoscaling/v2
kind: HorizontalPodAutoscaler
metadata:
  labels:
    aegis.dev/environment: staging
  name: payments-api
  namespace: platform
spec:
  maxReplicas: 5
  metrics:
  - resource:
      name: cpu
      target:
        averageUtilization: 70
        type: Utilization
    type: Resource
  minReplicas: 2
  scaleTargetRef:
    apiVersion: apps/v1
    kind: Deployment
    name: payments-api
[12:24:14] + kubectl apply --dry-run=client -f artifacts/local-ci-cd/20260516T122410Z/rendered.yaml
error: error validating "artifacts/local-ci-cd/20260516T122410Z/rendered.yaml": error validating data: failed to download openapi: Get "https://127.0.0.1:54120/openapi/v2?timeout=32s": dial tcp 127.0.0.1:54120: connect: connection refused; if you choose to ignore these errors, turn validation off with --validate=false
[12:24:14] pipeline failed near line 41
